   SW   perc perc perc  query                   position in query     matching      repeat            position in repeat
score   div. del. ins.  sequence                begin end    (left)   repeat        class/family    begin  end    (left)  ID

  442   20.7  2.8  6.6  ghost_polymorphic_10_L     22   713  (6766) + ALR/Alpha     Satellite/centr      1    665    (0)   1  
  530   18.7  2.5  9.0  ghost_polymorphic_10_L    727  1443  (6036) + ALR/Alpha     Satellite/centr      1    670    (0)   1  
  529   11.9  1.7 14.0  ghost_polymorphic_10_L   1463  1638  (5841) + ALR/Alpha     Satellite/centr     15    171    (0)   1  
  504   14.8  1.2  8.0  ghost_polymorphic_10_L   1652  1812  (5667) + ALR/Alpha     Satellite/centr     11    161   (10)   1  
  666   15.6  2.4 10.6  ghost_polymorphic_10_L   2046  3139  (4340) + ALR/Alpha     Satellite/centr      1   1004    (1)   2  
  332   17.8  4.3  4.3  ghost_polymorphic_10_L   3332  3425  (4054) + ALR/Alpha     Satellite/centr      1     94   (77)   3  
  243    6.8 11.3  4.5  ghost_polymorphic_10_L   3487  3548  (3931) + ALR/Alpha     Satellite/centr     96    161   (10)   3  
  568   17.9  3.1  3.7  ghost_polymorphic_10_L   3571  3732  (3747) + ALR/Alpha     Satellite/centr     10    170    (1)   3  
 5120   13.3  4.1 11.4  ghost_polymorphic_10_L   3768  7479     (0) + L1HS          LINE/L1            155   3675 (2471)   4  
  442   20.7  2.8  6.6  ghost_polymorphic_10_R     22   713  (6155) + ALR/Alpha     Satellite/centr      1    665    (0)   5  
  530   18.7  2.5  9.0  ghost_polymorphic_10_R    727  1443  (5425) + ALR/Alpha     Satellite/centr      1    670    (0)   5  
  529   11.9  1.7 14.0  ghost_polymorphic_10_R   1463  1638  (5230) + ALR/Alpha     Satellite/centr     15    171    (0)   5  
  504   14.8  1.2  8.0  ghost_polymorphic_10_R   1652  1812  (5056) + ALR/Alpha     Satellite/centr     11    161   (10)   5  
  666   15.6  2.4 10.6  ghost_polymorphic_10_R   2046  3139  (3729) + ALR/Alpha     Satellite/centr      1   1004    (1)   6  
  332   17.8  4.3  4.3  ghost_polymorphic_10_R   3332  3425  (3443) + ALR/Alpha     Satellite/centr      1     94   (77)   7  
  243    6.8 11.3  4.5  ghost_polymorphic_10_R   3487  3548  (3320) + ALR/Alpha     Satellite/centr     96    161   (10)   7  
  568   17.9  3.1  3.7  ghost_polymorphic_10_R   3571  3732  (3136) + ALR/Alpha     Satellite/centr     10    170    (1)   7  
 3357   13.7  4.3 12.2  ghost_polymorphic_10_R   3768  6868     (0) + L1HS          LINE/L1            155   3090 (3056)   8  
  642   18.5  5.0  1.6  ghost_polymorphic_11_L     13   452   (464) + ALR/Alpha     Satellite/centr      1    455    (0)   9  
  588   13.6  8.8  2.1  ghost_polymorphic_11_L    465   773   (143) + ALR/Alpha     Satellite/centr      1    329    (0)   9  
  629   12.0  7.5  0.0  ghost_polymorphic_11_L    782   914     (2) + L1P1          LINE/L1           4767   4909 (1237)  10  
  642   18.5  5.0  1.6  ghost_polymorphic_11_R     13   452  (2116) + ALR/Alpha     Satellite/centr      1    455    (0)  11  
  588   13.6  8.8  2.1  ghost_polymorphic_11_R    465   773  (1795) + ALR/Alpha     Satellite/centr      1    329    (0)  11  
 4825    8.0  3.6  1.4  ghost_polymorphic_11_R    782  1979   (589) + L1PA3         LINE/L1           4767   5990  (165)  12  
   32   19.7  1.5  0.7  ghost_polymorphic_11_R   2005  2083   (485) + A-rich        Low_complexity       1     79    (0)  13  
 1072   11.6  2.1  0.0  ghost_polymorphic_11_R   2095  2568     (0) + ALR/Alpha     Satellite/centr      1    484    (0)  14  
  654   21.1  1.6  7.4  ghost_polymorphic_12_L     21   912  (3392) C ALR/Alpha     Satellite/centr   (11)    840      1  15  
  603   19.9  0.0  4.3  ghost_polymorphic_12_L    943  1089  (3215) C ALR/Alpha     Satellite/centr   (30)    141      1  15  
  502   21.2  1.1  6.5  ghost_polymorphic_12_L   1280  1456  (2848) C ALR/Alpha     Satellite/centr    (1)    170      3  16  
 1084   15.2  0.6  0.5  ghost_polymorphic_12_L   1494  4304     (0) C ALR/Alpha     Satellite/centr   (11)   2813      1  16  
  654   21.1  1.6  7.4  ghost_polymorphic_12_R     21   912 (11407) C ALR/Alpha     Satellite/centr   (11)    840      1  17  
  603   19.9  0.0  4.3  ghost_polymorphic_12_R    943  1089 (11230) C ALR/Alpha     Satellite/centr   (30)    141      1  17  
  502   21.2  1.1  6.5  ghost_polymorphic_12_R   1280  1456 (10863) C ALR/Alpha     Satellite/centr    (1)    170      3  18  
 1084   15.2  0.6  0.5  ghost_polymorphic_12_R   1494  4304  (8015) C ALR/Alpha     Satellite/centr   (11)   2813      1  18  
27438    2.1  0.6  0.2  ghost_polymorphic_12_R   4305 10310  (2009) + L1HS          LINE/L1            127   6154    (1)  19  
   16    0.0  0.0  0.0  ghost_polymorphic_12_R  10314 10330  (1989) + (A)n          Simple_repeat        1     17    (0)  20  
 1033   14.1  2.6  1.4  ghost_polymorphic_12_R  10342 11675   (644) + ALR/Alpha     Satellite/centr      1   1349   (11)  21  
  612   18.6  3.2  8.8  ghost_polymorphic_12_R  11743 12280    (39) C ALR/Alpha     Satellite/centr    (0)    507      1  22  
  583   18.1  3.4  8.6  ghost_polymorphic_13_L     13   942  (4908) + ALR/Alpha     Satellite/centr      1    881    (1)  23  
  580   19.6  1.7  6.2  ghost_polymorphic_13_L   1098  1752  (4098) + ALR/Alpha     Satellite/centr      1    625    (2)  24  
  457   19.9  4.3  7.6  ghost_polymorphic_13_L   1781  1943  (3907) + ALR/Alpha     Satellite/centr     14    171    (0)  24  
  293   22.9  5.8  8.3  ghost_polymorphic_13_L   1986  2295  (3555) + ALR/Alpha     Satellite/centr      1    302    (1)  24  
  229   21.6  9.7  9.7  ghost_polymorphic_13_L   2318  2471  (3379) + ALR/Alpha     Satellite/centr     17    170    (1)  24  
  548   18.3  1.4  3.6  ghost_polymorphic_13_L   2484  2625  (3225) + ALR/Alpha     Satellite/centr     10    148   (21)  24  
  448   18.7  2.9 10.4  ghost_polymorphic_13_L   2652  2996  (2854) + ALR/Alpha     Satellite/centr      1    319    (1)  24  
  628   19.4  2.4  2.4  ghost_polymorphic_13_L   3022  3190  (2660) + ALR/Alpha     Satellite/centr      2    170    (1)  24  
 1111   14.4  1.6  1.5  ghost_polymorphic_13_L   3303  4475  (1375) + ALR/Alpha     Satellite/centr      1   1174    (0)  25  
 1195   12.6  0.3  0.4  ghost_polymorphic_13_L   4490  5850     (0) + ALR/Alpha     Satellite/centr      1   1359    (1)  25  
  583   18.1  3.4  8.6  ghost_polymorphic_13_R     13   942   (684) + ALR/Alpha     Satellite/centr      1    881    (1)  26  
  566   19.0  1.7  6.8  ghost_polymorphic_13_R   1098  1586    (40) + ALR/Alpha     Satellite/centr      1    463    (2)  27  
  391   24.0  0.4 10.9  ghost_polymorphic_14_L     23   265  (6148) C L1M1          LINE/L1          (825)   5479   5260  28  
  802   21.5  2.0  8.0  ghost_polymorphic_14_L    330   632  (5781) C AluSx         SINE/Alu          (17)    295     10  29  
  897   18.6  4.9 11.9  ghost_polymorphic_14_L    640  1005  (5408) C THE1D         LTR/ERVL-MaLR     (38)    343      1  30  
  771   24.6  3.1  7.5  ghost_polymorphic_14_L   1015  1401  (5012) C L1M1          LINE/L1          (889)   5257   4887  28  
  482   15.0  3.9  2.7  ghost_polymorphic_14_L   1466  1661  (4752) + CER           Satellite            1    198    (0)  31  
  449   27.4  3.8  5.4  ghost_polymorphic_14_L   1663  1982  (4431) C L1M1          LINE/L1         (1221)   4925   4611  28  
  927   22.6  4.2  0.7  ghost_polymorphic_14_L   1983  2271  (4142) C AluSx         SINE/Alu          (13)    299      1  32  
 1216   16.8  6.1  0.8  ghost_polymorphic_14_L   2277  2613  (3800) C L1M1          LINE/L1         (1543)   4603   4249  28  
 1071   22.6  9.1  4.0  ghost_polymorphic_14_L   2614  3019  (3394) C MSTA          LTR/ERVL-MaLR      (0)    428      3  33  
 1569   19.0  4.1  3.0  ghost_polymorphic_14_L   3030  3393  (3020) C MST-int       LTR/ERVL-MaLR      (7)   1644   1277  34  
 4218   21.3  5.1  2.9  ghost_polymorphic_14_L   3412  4514  (1899) C MST-int       LTR/ERVL-MaLR    (525)   1126      1  34  
 1412   21.7  3.3  2.5  ghost_polymorphic_14_L   4570  4933  (1480) C MSTA          LTR/ERVL-MaLR     (61)    367      1  35  
 1492   16.2  1.7 12.9  ghost_polymorphic_14_L   4936  5339  (1074) C L1M1          LINE/L1         (1895)   4251   3888  28  
   37    0.0  2.3  2.3  ghost_polymorphic_14_L   5349  5391  (1022) + (TTGTTTTTTT)n Simple_repeat        1     43    (0)  36  
 1172   19.9  2.2  2.6  ghost_polymorphic_14_L   5392  5651   (762) C AluSx         SINE/Alu          (30)    282     24  37  
 1277   18.6 16.0  1.8  ghost_polymorphic_14_L   5672  6390    (23) C L1M1          LINE/L1         (2266)   3880   3060  28  
  391   24.0  0.4 10.9  ghost_polymorphic_14_R     23   265  (2576) C L1M1          LINE/L1          (825)   5479   5260  38  
  802   21.5  2.0  8.0  ghost_polymorphic_14_R    330   632  (2209) C AluSx         SINE/Alu          (17)    295     10  39  
  897   18.6  4.9 11.9  ghost_polymorphic_14_R    640  1005  (1836) C THE1D         LTR/ERVL-MaLR     (38)    343      1  40  
  771   24.6  3.1  7.5  ghost_polymorphic_14_R   1015  1401  (1440) C L1M1          LINE/L1          (889)   5257   4887  38  
  482   15.0  3.9  2.7  ghost_polymorphic_14_R   1466  1661  (1180) + CER           Satellite            1    198    (0)  41  
  430   27.6  3.8  5.4  ghost_polymorphic_14_R   1663  1980   (861) C L1M1          LINE/L1         (1221)   4925   4613  38  
 1010   22.8  4.1  0.7  ghost_polymorphic_14_R   1981  2271   (570) C AluSx         SINE/Alu          (11)    301      1  42  
 1227   16.5  6.2  0.8  ghost_polymorphic_14_R   2277  2613   (228) C L1M1          LINE/L1         (1543)   4603   4249  38  
  698   17.7  6.1  0.6  ghost_polymorphic_14_R   2614  2761    (80) C MSTA          LTR/ERVL-MaLR      (0)    428    273  43  
 2476   11.2  2.4  8.2  ghost_polymorphic_15_L      6   599  (5751) + L1PA2         LINE/L1           5594   6155    (0)  44  
  748   19.0  1.7  5.1  ghost_polymorphic_15_L    601  1191  (5159) C ALR/Alpha     Satellite/centr  (111)    570      1  45  
  589   19.3  6.3  5.3  ghost_polymorphic_15_L   1205  1863  (4487) C ALR/Alpha     Satellite/centr   (12)    665      1  45  
 1314   10.4  2.9  1.9  ghost_polymorphic_15_L   1880  4583  (1767) C ALR/Alpha     Satellite/centr   (12)   2730      1  45  
  663   13.8  0.7  6.8  ghost_polymorphic_15_L   4595  4734  (1616) C ALR/Alpha     Satellite/centr   (11)    160     29  45  
 1205   10.7  2.0  0.9  ghost_polymorphic_15_L   4753  6180   (170) C ALR/Alpha     Satellite/centr   (50)   1443      1  45  
  915   14.5  3.1  0.0  ghost_polymorphic_15_L   6190  6348     (2) + L1P1          LINE/L1             10    173 (5982)  46  
 2476   11.2  2.4  8.2  ghost_polymorphic_15_R      6   599    (77) + L1PA2         LINE/L1           5594   6155    (0)  47  
  297   15.3  1.6  3.3  ghost_polymorphic_15_R    601   661    (15) C ALR/Alpha     Satellite/centr  (111)     60      1  48  
 1347   13.0  0.5  0.5  ghost_polymorphic_16_L     21  1730     (3) + ALR/Alpha     Satellite/centr      1   1710    (0)  49  
 1347   13.0  0.5  0.5  ghost_polymorphic_16_R     21  1730  (5479) + ALR/Alpha     Satellite/centr      1   1710    (0)  50  
26000    4.6  0.6  0.5  ghost_polymorphic_16_R   1734  7209     (0) + L1HS          LINE/L1            125   5606  (549)  51  
  895   15.2  1.0  0.3  ghost_polymorphic_17_L      1   798     (7) + BSR/Beta      Satellite            1    803    (1)  52  
  895   15.1  0.9  0.2  ghost_polymorphic_17_R      1   623     (0) + BSR/Beta      Satellite            1    627    (1)  53  
 1084   15.0  1.8  1.3  ghost_polymorphic_18_L      9  3134   (467) C ALR/Alpha     Satellite/centr   (47)   3141      1  54  
 2121   13.0  3.5  3.1  ghost_polymorphic_18_L   3139  3591    (10) + L1HS          LINE/L1              5    459 (5573)  55  
 1084   15.0  1.8  1.3  ghost_polymorphic_18_R      9  3134  (1151) C ALR/Alpha     Satellite/centr   (47)   3141      1  56  
 6746    9.4  3.0  2.1  ghost_polymorphic_18_R   3139  4285     (0) + L1HS          LINE/L1              5   1162 (4870)  57  
 1014   17.3  3.2  6.2  ghost_polymorphic_19_L      9   322  (5212) C AluSx         SINE/Alu           (0)    312      8  58  
   15   31.2  1.6  0.0  ghost_polymorphic_19_L    393   455  (5079) + A-rich        Low_complexity       1     64    (0)  59  
  803   18.8  2.9 18.3  ghost_polymorphic_19_L    700  1044  (4490) + AluSx         SINE/Alu             1    300   (12)  60  
   20   25.7  6.0  0.0  ghost_polymorphic_19_L   2638  2704  (2830) + (CT)n         Simple_repeat        1     71    (0)  61  
  857   23.7  0.6  6.9  ghost_polymorphic_19_L   2708  3029  (2505) C AluJb         SINE/Alu           (5)    307      5  62  
  683   23.7  1.3  8.1  ghost_polymorphic_19_L   3385  3609  (1925) + AluJb         SINE/Alu             1    211  (101)  63  
 1073   20.4  1.8  8.4  ghost_polymorphic_19_L   3695  4036  (1498) + L1MA8         LINE/L1           5502   5822  (469)  64  
  915   21.6  1.2  8.7  ghost_polymorphic_19_L   4045  4378  (1156) + AluJb         SINE/Alu             2    312    (0)  65  
 1016   21.8  3.9  6.0  ghost_polymorphic_19_L   4379  4818   (716) + L1MA8         LINE/L1           5814   6244   (47)  64  
 3084   11.3  2.4  7.9  ghost_polymorphic_19_L   4827  5534     (0) + L1HS          LINE/L1              4    675 (5357)  66  
 1014   17.3  3.2  6.2  ghost_polymorphic_19_R      9   322  (2693) C AluSx         SINE/Alu           (0)    312      8  67  
   15   31.2  1.6  0.0  ghost_polymorphic_19_R    393   455  (2560) + A-rich        Low_complexity       1     64    (0)  68  
  803   18.8  2.9 18.3  ghost_polymorphic_19_R    700  1044  (1971) + AluSx         SINE/Alu             1    300   (12)  69  
   20   25.7  6.0  0.0  ghost_polymorphic_19_R   2638  2704   (311) + (CT)n         Simple_repeat        1     71    (0)  70  
  942   23.3  0.3  7.1  ghost_polymorphic_19_R   2708  3007     (8) C AluJb         SINE/Alu           (5)    307     27  71  
 2452   13.7  1.9 12.6  ghost_polymorphic_1_L     846  1528  (3347) + L1PA3         LINE/L1           5537   6154    (1)  72  
  821   14.7  2.8  6.2  ghost_polymorphic_1_L    1552  1768  (3107) + AluSx         SINE/Alu            95    304    (8)  73  
 8548   17.3  5.0  1.4  ghost_polymorphic_1_L    1771  2072  (2803) + L1MCa         LINE/L1           2197   2529 (3792)  74  
  364   24.4  1.3  1.3  ghost_polymorphic_1_L    2073  2151  (2724) + 7SLRNA        srpRNA               1     79  (241)  75 *
  488   24.9  1.0  1.9  ghost_polymorphic_1_L    2095  2218  (2657) C SVA_A         Retroposon/SVA  (1075)    312    186  76  
 8548   17.3  5.0  1.4  ghost_polymorphic_1_L    2219  4077   (798) + L1MCa         LINE/L1           2530   4586 (1735)  74  
  278   17.5  4.7  6.0  ghost_polymorphic_1_L    4083  4167   (708) + L1MCa         LINE/L1           5432   5515  (806)  74  
  556   29.2  4.7  2.9  ghost_polymorphic_1_L    4638  4873     (2) + LTR67B        LTR/ERVL            71    310  (310)  77  
  770   15.8  3.3  7.0  ghost_polymorphic_20_L      2  2086   (900) C ALR/Alpha     Satellite/centr   (20)   2008      1  78  
 3758    9.2  5.2  5.3  ghost_polymorphic_20_L   2124  2986     (0) + L1HS          LINE/L1              3    864 (5168)  79  
  770   15.7  3.5  5.1  ghost_polymorphic_20_R      2  1542    (99) C ALR/Alpha     Satellite/centr   (20)   1515      1  80  
  251   12.7  4.6  3.0  ghost_polymorphic_20_R   1577  1641     (0) C ALR/Alpha     Satellite/centr   (40)    131     66  80  
   21   10.7  0.0  0.0  ghost_polymorphic_2_L     524   553  (3642) + (A)n          Simple_repeat        1     30    (0)  81  
   16   10.0  0.0  0.0  ghost_polymorphic_2_L     698   719  (3476) + (T)n          Simple_repeat        1     22    (0)  82  
   23   21.6  0.0  0.0  ghost_polymorphic_2_L     872   919  (3276) + (T)n          Simple_repeat        1     48    (0)  83  
  515   25.8  5.0 12.5  ghost_polymorphic_2_L    1104  1608  (2587) C L1MEc         LINE/L1         (3343)   2978   2508  84  
  738    9.2  2.4 11.5  ghost_polymorphic_2_L    1631  1839  (2356) + L1PA7         LINE/L1           5960   6151    (3)  85  
  619   22.5  2.5  9.7  ghost_polymorphic_2_L    1840  2190  (2005) C L1MC3         LINE/L1            (4)   7781   7454  86  
  574   21.7  5.3 12.4  ghost_polymorphic_2_L    2218  2786  (1409) C L1MEc         LINE/L1         (3952)   2448   1916  84  
  770   26.6  1.6  5.6  ghost_polymorphic_2_L    3876  4190     (5) + AluJb         SINE/Alu             1    303    (9)  87  
   21   10.7  0.0  0.0  ghost_polymorphic_2_R     524   553  (4062) + (A)n          Simple_repeat        1     30    (0)  88  
   16   10.0  0.0  0.0  ghost_polymorphic_2_R     698   719  (3896) + (T)n          Simple_repeat        1     22    (0)  89  
   23   21.6  0.0  0.0  ghost_polymorphic_2_R     872   919  (3696) + (T)n          Simple_repeat        1     48    (0)  90  
  515   25.8  5.0 12.5  ghost_polymorphic_2_R    1104  1608  (3007) C L1MEc         LINE/L1         (3343)   2978   2508  91  
  738    9.2  2.4 11.5  ghost_polymorphic_2_R    1631  1839  (2776) + L1PA7         LINE/L1           5960   6151    (3)  92  
  619   22.5  2.5  9.7  ghost_polymorphic_2_R    1840  2190  (2425) C L1MC3         LINE/L1            (4)   7781   7454  93  
  574   21.7  5.3 12.4  ghost_polymorphic_2_R    2218  2786  (1829) C L1MEc         LINE/L1         (3952)   2448   1916  91  
  770   26.6  1.6  5.6  ghost_polymorphic_2_R    3876  4190   (425) + AluJb         SINE/Alu             1    303    (9)  94  
 2950    3.7  1.2  3.2  ghost_polymorphic_2_R    4196  4615     (0) + L1HS          LINE/L1              1    412 (5620)  95  
  617   10.9  3.2  4.9  ghost_polymorphic_3_L       3   127  (1045) + ALR/Alpha     Satellite/centr     37    159   (12)  96  
 1076   12.9  1.1  0.7  ghost_polymorphic_3_L     148  1162    (10) + ALR/Alpha     Satellite/centr      1   1019    (0)  96  
  617   10.9  3.2  4.9  ghost_polymorphic_3_R       3   127  (7904) + ALR/Alpha     Satellite/centr     37    159   (12)  97  
 1076   12.9  1.1  0.7  ghost_polymorphic_3_R     148  1162  (6869) + ALR/Alpha     Satellite/centr      1   1019    (0)  97  
25464    5.1  1.4  1.0  ghost_polymorphic_3_R    1173  7179   (852) + L1PA3         LINE/L1            126   6155    (0)  98  
 1053   11.6  1.6  1.1  ghost_polymorphic_3_R    7193  8031     (0) + ALR/Alpha     Satellite/centr      1    843    (1)  99  
   22   10.8  0.0  0.0  ghost_polymorphic_4_L     550   580  (4326) + (A)n          Simple_repeat        1     31    (0) 100  
  631   25.9  7.8  2.8  ghost_polymorphic_4_L    3642  3883  (1023) + MIR           SINE/MIR             3    256    (6) 101  
   22   10.8  0.0  0.0  ghost_polymorphic_4_R     550   580  (3054) + (A)n          Simple_repeat        1     31    (0) 102  
 1211   16.2  1.4  1.4  ghost_polymorphic_5_L       1  5901     (3) C ALR/Alpha     Satellite/centr   (33)   5903      1 103  
 1127   16.5  1.4  2.5  ghost_polymorphic_5_R       1  2795     (0) C ALR/Alpha     Satellite/centr   (33)   2766      1 104  
 1368   11.2  0.9  0.4  ghost_polymorphic_6_L       3  6896     (0) C ALR/Alpha     Satellite/centr   (30)   6927      1 105  
  871   25.5  7.6  5.1  ghost_polymorphic_7_L       2   382  (1383) C L1ME3         LINE/L1            (8)   6154   5765 106  
   43   21.2  5.8  4.7  ghost_polymorphic_7_L     386   575  (1190) + (TATCATT)n    Simple_repeat        1    192    (0) 107  
 1334   22.8  7.2  6.8  ghost_polymorphic_7_L     592  1133   (632) C L1M5          LINE/L1          (345)   5817   5274 108  
  265   26.0  5.2  0.0  ghost_polymorphic_7_L    1384  1460   (305) C MIR3          SINE/MIR          (15)    193    113 109  
  871   25.5  7.6  5.1  ghost_polymorphic_7_R       2   382  (3089) C L1ME3         LINE/L1            (8)   6154   5765 110  
   43   21.2  5.8  4.7  ghost_polymorphic_7_R     386   575  (2896) + (TATCATT)n    Simple_repeat        1    192    (0) 111  
 1334   22.8  7.2  6.8  ghost_polymorphic_7_R     592  1133  (2338) C L1M5          LINE/L1          (345)   5817   5274 112  
  265   26.0  5.2  0.0  ghost_polymorphic_7_R    1384  1460  (2011) C MIR3          SINE/MIR          (15)    193    113 113  
14402    1.8  0.7  0.8  ghost_polymorphic_7_R    1756  3471     (0) + L1HS          LINE/L1              1   1714 (4318) 114  
 1055   12.9  0.0  0.3  ghost_polymorphic_8_L       1   302    (23) + ALR/Alpha     Satellite/centr      1    301    (0) 115  
 1055   12.9  0.0  0.3  ghost_polymorphic_8_R       1   302  (7485) + ALR/Alpha     Satellite/centr      1    301    (0) 116  
27206    3.6  0.4  0.1  ghost_polymorphic_8_R     303  6276  (1511) + L1PA2         LINE/L1            164   6155    (0) 117  
 1212   12.6  0.3  0.4  ghost_polymorphic_8_R    6293  7787     (0) + ALR/Alpha     Satellite/centr      1   1493    (0) 118  
  750   20.7  3.3  8.4  ghost_polymorphic_9_L     312   645   (652) C AluSx         SINE/Alu           (0)    312      4 119  
 1181   16.7  1.3  9.2  ghost_polymorphic_9_L     915  1289     (8) + L1HS          LINE/L1              2    349 (5683) 120  
  750   20.7  3.3  8.4  ghost_polymorphic_9_R     312   645  (4908) C AluSx         SINE/Alu           (0)    312      4 121  
21172    5.2  2.5  2.4  ghost_polymorphic_9_R     915  5553     (0) + L1HS          LINE/L1            125   4770 (1376) 122  
